Mon May 31 06:07:43 2021
李 瑜 定點修車 $29 
Mon May 31 06:50:47 2021
唉 呦 定點修車 $9000 
Mon May 31 06:51:00 2021
唉 呦 定點修車 $0 
Mon May 31 06:51:04 2021
唉 呦 定點修車 $0 
Mon May 31 09:06:34 2021
唉 呦 定點修車 $5222 
Mon May 31 09:17:21 2021
唉 呦 定點修車 $2835 
Mon May 31 09:19:23 2021
陳 西 定點修車 $4966 
Mon May 31 09:26:43 2021
唉 呦 定點修車 $6829 
Mon May 31 10:18:07 2021
唉 呦 定點修車 $1237 
Mon May 31 10:30:02 2021
唉 呦 定點修車 $7073 
Mon May 31 10:30:11 2021
唉 呦 定點修車 $0 
Mon May 31 10:32:00 2021
起司 豬 定點修車 $7383 
Mon May 31 11:18:19 2021
米 奇 定點修車 $0 
Mon May 31 12:46:14 2021
陳 西 定點修車 $5916 
Mon May 31 12:46:19 2021
大 熊 定點修車 $0 
Mon May 31 13:08:56 2021
陳 西 定點修車 $1713 
Mon May 31 13:32:36 2021
陳 西 定點修車 $4184 
Mon May 31 13:58:46 2021
大 熊 定點修車 $3019 
Mon May 31 14:01:18 2021
米 奇 定點修車 $3560 
Mon May 31 15:03:11 2021
大 熊 定點修車 $7482 
Mon May 31 15:08:35 2021
大 熊 定點修車 $131 
Mon May 31 15:16:00 2021
米 奇 定點修車 $5366 
Mon May 31 15:17:28 2021
香 蕉 定點修車 $7162 
Mon May 31 15:25:01 2021
大 熊 定點修車 $1796 
Mon May 31 15:46:02 2021
大 熊 定點修車 $4834 
Mon May 31 15:54:26 2021
起司 豬 定點修車 $869 
Mon May 31 16:35:02 2021
米 奇 定點修車 $6814 
Mon May 31 16:36:18 2021
唉 呦 定點修車 $2449 
Mon May 31 16:40:38 2021
唉 呦 定點修車 $3211 
