Mon Aug 17 09:03:31 2020
雞 哥 拿取 48 銅錠
Mon Aug 17 09:03:41 2020
雞 哥 拿取 1 電鑽
Mon Aug 17 09:03:46 2020
雞 哥 拿取 10 鉤子
Mon Aug 17 09:03:48 2020
雞 哥 拿取 1 線
Mon Aug 17 09:03:55 2020
雞 哥 拿取 18 金錠
Mon Aug 17 09:03:58 2020
雞 哥 拿取 1 降落傘
Mon Aug 17 09:04:01 2020
雞 哥 拿取 19 塑膠
Mon Aug 17 09:04:04 2020
雞 哥 拿取 1 鏟子
Mon Aug 17 09:04:06 2020
雞 哥 拿取 2 鋼板
Mon Aug 17 09:04:14 2020
雞 哥 拿取 10 包裝冰毒
Mon Aug 17 09:04:24 2020
雞 哥 拿取 216 蝦
Mon Aug 17 09:04:36 2020
雞 哥 存放 10 包裝冰毒
Mon Aug 17 09:04:43 2020
雞 哥 存放 18 金錠
Mon Aug 17 09:04:52 2020
雞 哥 存放 48 銅錠
Mon Aug 17 09:05:09 2020
雞 哥 拿取 1 銅錠
Mon Aug 17 09:05:14 2020
雞 哥 拿取 1 木板
Mon Aug 17 09:05:18 2020
雞 哥 拿取 1 金錠
Mon Aug 17 09:05:21 2020
雞 哥 拿取 1 包裝冰毒
Mon Aug 17 09:05:23 2020
雞 哥 拿取 1 海龜
Mon Aug 17 09:05:27 2020
雞 哥 拿取 1 大麻
Mon Aug 17 09:05:30 2020
雞 哥 拿取 12 羊毛
Mon Aug 17 09:05:36 2020
雞 哥 存放 1 包裝冰毒
Mon Aug 17 09:05:41 2020
雞 哥 拿取 47 銅錠
Mon Aug 17 09:05:57 2020
雞 哥 存放 19 塑膠
Mon Aug 17 09:05:59 2020
雞 哥 存放 1 寶特瓶
Mon Aug 17 09:06:02 2020
雞 哥 存放 1 海龜
Mon Aug 17 09:06:09 2020
雞 哥 存放 1 金錠
Mon Aug 17 09:06:19 2020
雞 哥 拿取 1 木板
Mon Aug 17 09:06:26 2020
雞 哥 拿取 4 木板
Mon Aug 17 09:06:40 2020
雞 哥 存放 1 電鑽
Mon Aug 17 09:15:11 2020
雞 哥 存放 1 大麻
Mon Aug 17 09:15:25 2020
雞 哥 拿取 1 包裝冰毒
Mon Aug 17 09:15:28 2020
雞 哥 拿取 1 塑膠
Mon Aug 17 09:15:34 2020
雞 哥 存放 1 包裝冰毒
Mon Aug 17 09:15:37 2020
雞 哥 存放 1 塑膠
Mon Aug 17 09:15:43 2020
雞 哥 存放 7 鉤子
Mon Aug 17 09:15:48 2020
雞 哥 存放 20 銅板
Mon Aug 17 09:15:52 2020
雞 哥 存放 2 鋼板
Mon Aug 17 09:16:03 2020
雞 哥 存放 3 釣魚竿
Mon Aug 17 09:16:18 2020
雞 哥 存放 1 降落傘
Mon Aug 17 12:09:52 2020
陳 武 拿取 38 寶特瓶
Mon Aug 17 12:10:02 2020
陳 武 存放 52 寶特瓶
